TN:
SF:dist/esm/index.js
FN:2,Object.<anonymous>.__importDefault
FN:8,get
FN:9,get
FN:26,Database
FN:53,set
FN:68,add
FN:83,get
FN:98,has
FN:112,remove
FN:126,clone
FNF:10
FNH:5
FNDA:2,Object.<anonymous>.__importDefault
FNDA:1,get
FNDA:1,get
FNDA:1,Database
FNDA:1,set
FNDA:0,add
FNDA:0,get
FNDA:0,has
FNDA:0,remove
FNDA:0,clone
DA:1,1
DA:2,1
DA:3,2
DA:4,2
DA:5,1
DA:6,1
DA:7,1
DA:8,1
DA:9,1
DA:10,1
DA:11,1
DA:12,1
DA:13,1
DA:14,1
DA:15,1
DA:16,1
DA:17,1
DA:18,1
DA:19,1
DA:20,1
DA:21,1
DA:22,1
DA:23,1
DA:24,1
DA:25,1
DA:26,1
DA:27,1
DA:28,1
DA:29,1
DA:30,0
DA:31,0
DA:32,0
DA:33,0
DA:34,0
DA:35,1
DA:36,0
DA:37,0
DA:38,0
DA:39,0
DA:40,0
DA:41,1
DA:42,1
DA:43,1
DA:44,1
DA:45,1
DA:46,1
DA:47,1
DA:48,1
DA:49,1
DA:50,1
DA:51,1
DA:52,1
DA:53,1
DA:54,1
DA:55,0
DA:56,0
DA:57,0
DA:58,0
DA:59,0
DA:60,1
DA:61,1
DA:62,1
DA:63,1
DA:64,1
DA:65,1
DA:66,1
DA:67,1
DA:68,1
DA:69,0
DA:70,0
DA:71,0
DA:72,0
DA:73,0
DA:74,0
DA:75,0
DA:76,0
DA:77,0
DA:78,1
DA:79,1
DA:80,1
DA:81,1
DA:82,1
DA:83,1
DA:84,0
DA:85,0
DA:86,0
DA:87,0
DA:88,0
DA:89,0
DA:90,0
DA:91,0
DA:92,0
DA:93,1
DA:94,1
DA:95,1
DA:96,1
DA:97,1
DA:98,1
DA:99,0
DA:100,0
DA:101,0
DA:102,0
DA:103,0
DA:104,0
DA:105,0
DA:106,0
DA:107,0
DA:108,1
DA:109,1
DA:110,1
DA:111,1
DA:112,1
DA:113,0
DA:114,0
DA:115,0
DA:116,0
DA:117,0
DA:118,0
DA:119,0
DA:120,0
DA:121,0
DA:122,1
DA:123,1
DA:124,1
DA:125,1
DA:126,1
DA:127,0
DA:128,0
DA:129,0
DA:130,1
DA:131,1
LF:131
LH:77
BRDA:2,0,0,2
BRDA:3,1,0,0
BRDA:8,2,0,1
BRDA:9,3,0,1
BRDA:26,4,0,1
BRDA:28,5,0,0
BRDA:29,6,0,0
BRDA:35,7,0,0
BRDA:35,8,0,0
BRDA:53,9,0,1
BRDA:54,10,0,0
BRF:11
BRH:5
end_of_record
TN:
SF:dist/esm/src/elegant/index.js
FN:5,get
FN:7,get
FNF:2
FNH:2
FNDA:1,get
FNDA:1,get
DA:1,1
DA:2,1
DA:3,1
DA:4,1
DA:5,1
DA:6,1
DA:7,1
LF:7
LH:7
BRDA:5,0,0,1
BRDA:7,1,0,1
BRF:2
BRH:2
end_of_record
TN:
SF:dist/esm/src/elegant/adaptors/elegant.js
FN:2,Object.<anonymous>.__createBinding
FN:6,get
FN:9,Object.<anonymous>.__createBinding
FN:13,Object.<anonymous>.__setModuleDefault
FN:15,Object.<anonymous>.__setModuleDefault
FN:18,Object.<anonymous>.__importStar
FN:25,Object.<anonymous>.__importDefault
FN:41,ElegantAdaptor
FN:53,set
FN:62,add
FN:80,get
FN:88,has
FN:95,remove
FN:106,clone
FN:115,loadData
FN:132,saveData
FN:144,adaptor
FNF:17
FNH:4
FNDA:31,Object.<anonymous>.__createBinding
FNDA:0,get
FNDA:0,Object.<anonymous>.__createBinding
FNDA:1,Object.<anonymous>.__setModuleDefault
FNDA:0,Object.<anonymous>.__setModuleDefault
FNDA:1,Object.<anonymous>.__importStar
FNDA:1,Object.<anonymous>.__importDefault
FNDA:0,ElegantAdaptor
FNDA:0,set
FNDA:0,add
FNDA:0,get
FNDA:0,has
FNDA:0,remove
FNDA:0,clone
FNDA:0,loadData
FNDA:0,saveData
FNDA:0,adaptor
DA:1,1
DA:2,1
DA:3,31
DA:4,31
DA:5,31
DA:6,31
DA:7,31
DA:8,31
DA:9,1
DA:10,0
DA:11,0
DA:12,1
DA:13,1
DA:14,1
DA:15,1
DA:16,0
DA:17,1
DA:18,1
DA:19,1
DA:20,1
DA:21,1
DA:22,1
DA:23,1
DA:24,1
DA:25,1
DA:26,1
DA:27,1
DA:28,1
DA:29,1
DA:30,1
DA:31,1
DA:32,1
DA:33,1
DA:34,1
DA:35,1
DA:36,1
DA:37,1
DA:38,1
DA:39,1
DA:40,1
DA:41,1
DA:42,0
DA:43,0
DA:44,0
DA:45,0
DA:46,0
DA:47,0
DA:48,1
DA:49,1
DA:50,1
DA:51,1
DA:52,1
DA:53,1
DA:54,0
DA:55,0
DA:56,0
DA:57,1
DA:58,1
DA:59,1
DA:60,1
DA:61,1
DA:62,1
DA:63,0
DA:64,0
DA:65,0
DA:66,0
DA:67,0
DA:68,0
DA:69,0
DA:70,0
DA:71,0
DA:72,0
DA:73,0
DA:74,0
DA:75,1
DA:76,1
DA:77,1
DA:78,1
DA:79,1
DA:80,1
DA:81,0
DA:82,0
DA:83,1
DA:84,1
DA:85,1
DA:86,1
DA:87,1
DA:88,1
DA:89,0
DA:90,0
DA:91,1
DA:92,1
DA:93,1
DA:94,1
DA:95,1
DA:96,0
DA:97,0
DA:98,0
DA:99,0
DA:100,0
DA:101,1
DA:102,1
DA:103,1
DA:104,1
DA:105,1
DA:106,1
DA:107,0
DA:108,0
DA:109,0
DA:110,0
DA:111,1
DA:112,1
DA:113,1
DA:114,1
DA:115,1
DA:116,0
DA:117,0
DA:118,0
DA:119,0
DA:120,0
DA:121,0
DA:122,0
DA:123,0
DA:124,0
DA:125,0
DA:126,0
DA:127,0
DA:128,1
DA:129,1
DA:130,1
DA:131,1
DA:132,1
DA:133,0
DA:134,0
DA:135,0
DA:136,0
DA:137,0
DA:138,0
DA:139,0
DA:140,1
DA:141,1
DA:142,1
DA:143,1
DA:144,1
DA:145,0
DA:146,0
DA:147,1
DA:148,1
LF:148
LH:90
BRDA:9,0,0,0
BRDA:15,1,0,0
BRDA:2,2,0,31
BRDA:5,3,0,0
BRDA:5,4,0,0
BRDA:13,5,0,1
BRDA:18,6,0,1
BRDA:19,7,0,0
BRDA:21,8,0,31
BRDA:25,9,0,1
BRDA:26,10,0,0
BRF:11
BRH:5
end_of_record
TN:
SF:dist/esm/src/elegant/adaptors/json.js
FN:2,Object.<anonymous>.__createBinding
FN:6,get
FN:9,Object.<anonymous>.__createBinding
FN:13,Object.<anonymous>.__setModuleDefault
FN:15,Object.<anonymous>.__setModuleDefault
FN:18,Object.<anonymous>.__importStar
FN:25,Object.<anonymous>.__importDefault
FN:41,JSONAdaptor
FN:53,set
FN:62,add
FN:80,get
FN:88,has
FN:95,remove
FN:106,clone
FN:115,loadData
FN:136,saveData
FN:152,adaptor
FNF:17
FNH:9
FNDA:31,Object.<anonymous>.__createBinding
FNDA:2,get
FNDA:0,Object.<anonymous>.__createBinding
FNDA:1,Object.<anonymous>.__setModuleDefault
FNDA:0,Object.<anonymous>.__setModuleDefault
FNDA:1,Object.<anonymous>.__importStar
FNDA:1,Object.<anonymous>.__importDefault
FNDA:1,JSONAdaptor
FNDA:1,set
FNDA:0,add
FNDA:0,get
FNDA:0,has
FNDA:0,remove
FNDA:0,clone
FNDA:1,loadData
FNDA:1,saveData
FNDA:0,adaptor
DA:1,1
DA:2,1
DA:3,31
DA:4,31
DA:5,31
DA:6,31
DA:7,31
DA:8,31
DA:9,1
DA:10,0
DA:11,0
DA:12,1
DA:13,1
DA:14,1
DA:15,1
DA:16,0
DA:17,1
DA:18,1
DA:19,1
DA:20,1
DA:21,1
DA:22,1
DA:23,1
DA:24,1
DA:25,1
DA:26,1
DA:27,1
DA:28,1
DA:29,1
DA:30,1
DA:31,1
DA:32,1
DA:33,1
DA:34,1
DA:35,1
DA:36,1
DA:37,1
DA:38,1
DA:39,1
DA:40,1
DA:41,1
DA:42,1
DA:43,1
DA:44,1
DA:45,1
DA:46,1
DA:47,1
DA:48,1
DA:49,1
DA:50,1
DA:51,1
DA:52,1
DA:53,1
DA:54,1
DA:55,1
DA:56,1
DA:57,1
DA:58,1
DA:59,1
DA:60,1
DA:61,1
DA:62,1
DA:63,0
DA:64,0
DA:65,0
DA:66,0
DA:67,0
DA:68,0
DA:69,0
DA:70,0
DA:71,0
DA:72,0
DA:73,0
DA:74,0
DA:75,1
DA:76,1
DA:77,1
DA:78,1
DA:79,1
DA:80,1
DA:81,0
DA:82,0
DA:83,1
DA:84,1
DA:85,1
DA:86,1
DA:87,1
DA:88,1
DA:89,0
DA:90,0
DA:91,1
DA:92,1
DA:93,1
DA:94,1
DA:95,1
DA:96,0
DA:97,0
DA:98,0
DA:99,0
DA:100,0
DA:101,1
DA:102,1
DA:103,1
DA:104,1
DA:105,1
DA:106,1
DA:107,0
DA:108,0
DA:109,0
DA:110,0
DA:111,1
DA:112,1
DA:113,1
DA:114,1
DA:115,1
DA:116,1
DA:117,1
DA:118,0
DA:119,0
DA:120,0
DA:121,0
DA:122,0
DA:123,0
DA:124,0
DA:125,0
DA:126,0
DA:127,0
DA:128,0
DA:129,0
DA:130,0
DA:131,1
DA:132,1
DA:133,1
DA:134,1
DA:135,1
DA:136,1
DA:137,1
DA:138,1
DA:139,0
DA:140,0
DA:141,0
DA:142,0
DA:143,0
DA:144,0
DA:145,0
DA:146,0
DA:147,1
DA:148,1
DA:149,1
DA:150,1
DA:151,1
DA:152,1
DA:153,0
DA:154,0
DA:155,1
DA:156,1
LF:156
LH:105
BRDA:9,0,0,0
BRDA:15,1,0,0
BRDA:2,2,0,31
BRDA:5,3,0,0
BRDA:5,4,0,0
BRDA:6,5,0,2
BRDA:13,6,0,1
BRDA:18,7,0,1
BRDA:19,8,0,0
BRDA:21,9,0,31
BRDA:25,10,0,1
BRDA:26,11,0,0
BRDA:41,12,0,1
BRDA:53,13,0,1
BRDA:115,14,0,1
BRDA:117,15,0,0
BRDA:136,16,0,1
BRDA:138,17,0,0
BRF:18
BRH:10
end_of_record
TN:
SF:dist/esm/src/elegant/managers/error.js
FN:10,ElegantError
FN:17,asBox
FNF:2
FNH:0
FNDA:0,ElegantError
FNDA:0,asBox
DA:1,1
DA:2,1
DA:3,1
DA:4,1
DA:5,1
DA:6,1
DA:7,1
DA:8,1
DA:9,1
DA:10,1
DA:11,0
DA:12,0
DA:13,0
DA:14,0
DA:15,0
DA:16,0
DA:17,1
DA:18,0
DA:19,0
DA:20,1
DA:21,1
LF:21
LH:13
BRF:0
BRH:0
end_of_record
TN:
SF:dist/esm/src/elegant/managers/updater.js
FN:10,UpdateChecker
FN:18,fetchLatestModuleVersion
FN:34,getCurrentVersion
FN:47,checkUpdates
FNF:4
FNH:4
FNDA:2,UpdateChecker
FNDA:1,fetchLatestModuleVersion
FNDA:1,getCurrentVersion
FNDA:1,checkUpdates
DA:1,1
DA:2,1
DA:3,1
DA:4,1
DA:5,1
DA:6,1
DA:7,1
DA:8,1
DA:9,1
DA:10,1
DA:11,2
DA:12,2
DA:13,1
DA:14,1
DA:15,1
DA:16,1
DA:17,1
DA:18,1
DA:19,1
DA:20,1
DA:21,0
DA:22,0
DA:23,0
DA:24,0
DA:25,0
DA:26,0
DA:27,0
DA:28,1
DA:29,1
DA:30,1
DA:31,1
DA:32,1
DA:33,1
DA:34,1
DA:35,1
DA:36,1
DA:37,1
DA:38,1
DA:39,0
DA:40,0
DA:41,0
DA:42,1
DA:43,1
DA:44,1
DA:45,1
DA:46,1
DA:47,1
DA:48,1
DA:49,1
DA:50,1
DA:51,1
DA:52,1
DA:53,1
DA:54,1
DA:55,0
DA:56,0
DA:57,0
DA:58,0
DA:59,0
DA:60,0
DA:61,0
DA:62,0
DA:63,0
DA:64,0
DA:65,0
DA:66,0
DA:67,0
DA:68,0
DA:69,0
DA:70,0
DA:71,0
DA:72,0
DA:73,0
DA:74,0
DA:75,0
DA:76,0
DA:77,0
DA:78,0
DA:79,0
DA:80,0
DA:81,0
DA:82,0
DA:83,0
DA:84,0
DA:85,0
DA:86,0
DA:87,1
DA:88,1
DA:89,1
DA:90,1
DA:91,1
DA:92,1
DA:93,1
DA:94,1
DA:95,1
LF:95
LH:53
BRDA:10,0,0,2
BRDA:18,1,0,1
BRDA:20,2,0,0
BRDA:34,3,0,1
BRDA:38,4,0,0
BRDA:47,5,0,1
BRDA:49,6,0,0
BRDA:53,7,0,0
BRDA:54,8,0,0
BRF:9
BRH:4
end_of_record
